0 verbose cli /usr/local/bin/node /usr/local/bin/npm
1 info using npm@11.6.0
2 info using node@v22.16.0
3 silly config load:file:/usr/local/lib/node_modules/npm/npmrc
4 silly config load:file:/Users/sabbirba10/Documents/Code/sabbirba/.npmrc
5 silly config load:file:/Users/sabbirba10/.npmrc
6 silly config load:file:/usr/local/etc/npmrc
7 verbose title npm install
8 verbose argv "install"
9 verbose logfile logs-max:10 dir:/Users/sabbirba10/Documents/Code/sabbirba/tmp-npm-cache/_logs/2025-09-18T14_51_30_203Z-
10 verbose logfile /Users/sabbirba10/Documents/Code/sabbirba/tmp-npm-cache/_logs/2025-09-18T14_51_30_203Z-debug-0.log
11 silly logfile done cleaning log files
12 silly packumentCache heap:4345298944 maxSize:1086324736 maxEntrySize:543162368
13 silly idealTree buildDeps
14 silly reify moves {}
15 silly audit bulk request {
15 silly audit   '@alloc/quick-lru': [ '5.2.0' ],
15 silly audit   '@ampproject/remapping': [ '2.3.0' ],
15 silly audit   '@babel/code-frame': [ '7.27.1' ],
15 silly audit   '@babel/compat-data': [ '7.28.0' ],
15 silly audit   '@babel/core': [ '7.28.0' ],
15 silly audit   '@babel/generator': [ '7.28.0' ],
15 silly audit   '@babel/helper-compilation-targets': [ '7.27.2' ],
15 silly audit   '@babel/helper-globals': [ '7.28.0' ],
15 silly audit   '@babel/helper-module-imports': [ '7.27.1' ],
15 silly audit   '@babel/helper-module-transforms': [ '7.27.3' ],
15 silly audit   '@babel/helper-string-parser': [ '7.27.1' ],
15 silly audit   '@babel/helper-validator-identifier': [ '7.27.1' ],
15 silly audit   '@babel/helper-validator-option': [ '7.27.1' ],
15 silly audit   '@babel/helpers': [ '7.28.2' ],
15 silly audit   '@babel/parser': [ '7.28.0' ],
15 silly audit   '@babel/template': [ '7.27.2' ],
15 silly audit   '@babel/traverse': [ '7.28.0' ],
15 silly audit   '@babel/types': [ '7.28.2' ],
15 silly audit   '@emnapi/core': [ '1.4.5' ],
15 silly audit   '@emnapi/runtime': [ '1.4.5' ],
15 silly audit   '@emnapi/wasi-threads': [ '1.0.4' ],
15 silly audit   '@eslint-community/eslint-utils': [ '4.7.0' ],
15 silly audit   '@eslint-community/regexpp': [ '4.12.1' ],
15 silly audit   '@eslint/eslintrc': [ '2.1.4' ],
15 silly audit   '@eslint/js': [ '8.57.1' ],
15 silly audit   '@fortawesome/fontawesome-common-types': [ '0.1.7', '6.7.2' ],
15 silly audit   '@fortawesome/fontawesome-free-regular': [ '5.0.13' ],
15 silly audit   '@fortawesome/fontawesome-svg-core': [ '6.7.2' ],
15 silly audit   '@fortawesome/free-brands-svg-icons': [ '6.7.2' ],
15 silly audit   '@fortawesome/free-regular-svg-icons': [ '6.7.2' ],
15 silly audit   '@fortawesome/free-solid-svg-icons': [ '6.7.2' ],
15 silly audit   '@fortawesome/react-fontawesome': [ '0.2.3' ],
15 silly audit   '@humanwhocodes/config-array': [ '0.13.0' ],
15 silly audit   '@humanwhocodes/module-importer': [ '1.0.1' ],
15 silly audit   '@humanwhocodes/object-schema': [ '2.0.3' ],
15 silly audit   '@isaacs/cliui': [ '8.0.2' ],
15 silly audit   'ansi-regex': [ '6.1.0', '5.0.1' ],
15 silly audit   'strip-ansi': [ '7.1.0', '6.0.1' ],
15 silly audit   '@jridgewell/gen-mapping': [ '0.3.12' ],
15 silly audit   '@jridgewell/resolve-uri': [ '3.1.2' ],
15 silly audit   '@jridgewell/source-map': [ '0.3.10' ],
15 silly audit   '@jridgewell/sourcemap-codec': [ '1.5.4' ],
15 silly audit   '@jridgewell/trace-mapping': [ '0.3.29' ],
15 silly audit   '@napi-rs/wasm-runtime': [ '0.2.12' ],
15 silly audit   '@next/env': [ '14.2.32' ],
15 silly audit   '@next/eslint-plugin-next': [ '14.2.31' ],
15 silly audit   'brace-expansion': [ '2.0.2', '1.1.12' ],
15 silly audit   glob: [ '10.3.10', '7.2.3', '9.3.5', '10.4.5' ],
15 silly audit   minimatch: [ '9.0.5', '8.0.4', '3.1.2' ],
15 silly audit   minipass: [ '7.1.2', '4.2.8' ],
15 silly audit   '@next/swc-darwin-arm64': [ '14.2.32' ],
15 silly audit   '@next/swc-darwin-x64': [ '14.2.32' ],
15 silly audit   '@next/swc-linux-arm64-gnu': [ '14.2.32' ],
15 silly audit   '@next/swc-linux-arm64-musl': [ '14.2.32' ],
15 silly audit   '@next/swc-linux-x64-gnu': [ '14.2.32' ],
15 silly audit   '@next/swc-linux-x64-musl': [ '14.2.32' ],
15 silly audit   '@next/swc-win32-arm64-msvc': [ '14.2.32' ],
15 silly audit   '@next/swc-win32-ia32-msvc': [ '14.2.32' ],
15 silly audit   '@next/swc-win32-x64-msvc': [ '14.2.32' ],
15 silly audit   '@nodelib/fs.scandir': [ '2.1.5' ],
15 silly audit   '@nodelib/fs.stat': [ '2.0.5' ],
15 silly audit   '@nodelib/fs.walk': [ '1.2.8' ],
15 silly audit   '@nolyfill/is-core-module': [ '1.0.39' ],
15 silly audit   '@opentelemetry/api': [ '1.9.0' ],
15 silly audit   '@opentelemetry/api-logs': [ '0.57.2', '0.57.1', '0.53.0' ],
15 silly audit   '@opentelemetry/context-async-hooks': [ '1.30.1' ],
15 silly audit   '@opentelemetry/core': [ '1.30.1' ],
15 silly audit   '@opentelemetry/semantic-conventions': [ '1.28.0', '1.27.0', '1.36.0' ],
15 silly audit   '@opentelemetry/instrumentation': [ '0.57.2', '0.57.1', '0.53.0' ],
15 silly audit   '@opentelemetry/instrumentation-amqplib': [ '0.46.1' ],
15 silly audit   '@opentelemetry/instrumentation-connect': [ '0.43.0' ],
15 silly audit   '@opentelemetry/instrumentation-dataloader': [ '0.16.0' ],
15 silly audit   '@opentelemetry/instrumentation-express': [ '0.47.0' ],
15 silly audit   '@opentelemetry/instrumentation-fastify': [ '0.44.1' ],
15 silly audit   '@opentelemetry/instrumentation-fs': [ '0.19.0' ],
15 silly audit   '@opentelemetry/instrumentation-generic-pool': [ '0.43.0' ],
15 silly audit   '@opentelemetry/instrumentation-graphql': [ '0.47.0' ],
15 silly audit   '@opentelemetry/instrumentation-hapi': [ '0.45.1' ],
15 silly audit   '@opentelemetry/instrumentation-http': [ '0.57.1' ],
15 silly audit   semver: [ '7.7.2', '6.3.1' ],
15 silly audit   '@opentelemetry/instrumentation-ioredis': [ '0.47.0' ],
15 silly audit   '@opentelemetry/instrumentation-kafkajs': [ '0.7.0' ],
15 silly audit   '@opentelemetry/instrumentation-knex': [ '0.44.0' ],
15 silly audit   '@opentelemetry/instrumentation-koa': [ '0.47.0' ],
15 silly audit   '@opentelemetry/instrumentation-lru-memoizer': [ '0.44.0' ],
15 silly audit   '@opentelemetry/instrumentation-mongodb': [ '0.51.0' ],
15 silly audit   '@opentelemetry/instrumentation-mongoose': [ '0.46.0' ],
15 silly audit   '@opentelemetry/instrumentation-mysql': [ '0.45.0' ],
15 silly audit   '@opentelemetry/instrumentation-mysql2': [ '0.45.0' ],
15 silly audit   '@opentelemetry/instrumentation-nestjs-core': [ '0.44.0' ],
15 silly audit   '@opentelemetry/instrumentation-pg': [ '0.50.0' ],
15 silly audit   '@opentelemetry/instrumentation-redis-4': [ '0.46.0' ],
15 silly audit   '@opentelemetry/instrumentation-tedious': [ '0.18.0' ],
15 silly audit   '@opentelemetry/instrumentation-undici': [ '0.10.0' ],
15 silly audit   '@opentelemetry/redis-common': [ '0.36.2' ],
15 silly audit   '@opentelemetry/resources': [ '1.30.1' ],
15 silly audit   '@opentelemetry/sdk-trace-base': [ '1.30.1' ],
15 silly audit   '@opentelemetry/sql-common': [ '0.40.1' ],
15 silly audit   '@parcel/watcher': [ '2.5.1' ],
15 silly audit   '@parcel/watcher-android-arm64': [ '2.5.1' ],
15 silly audit   '@parcel/watcher-darwin-arm64': [ '2.5.1' ],
15 silly audit   '@parcel/watcher-darwin-x64': [ '2.5.1' ],
15 silly audit   '@parcel/watcher-freebsd-x64': [ '2.5.1' ],
15 silly audit   '@parcel/watcher-linux-arm-glibc': [ '2.5.1' ],
15 silly audit   '@parcel/watcher-linux-arm-musl': [ '2.5.1' ],
15 silly audit   '@parcel/watcher-linux-arm64-glibc': [ '2.5.1' ],
15 silly audit   '@parcel/watcher-linux-arm64-musl': [ '2.5.1' ],
15 silly audit   '@parcel/watcher-linux-x64-glibc': [ '2.5.1' ],
15 silly audit   '@parcel/watcher-linux-x64-musl': [ '2.5.1' ],
15 silly audit   '@parcel/watcher-win32-arm64': [ '2.5.1' ],
15 silly audit   '@parcel/watcher-win32-ia32': [ '2.5.1' ],
15 silly audit   '@parcel/watcher-win32-x64': [ '2.5.1' ],
15 silly audit   '@pkgjs/parseargs': [ '0.11.0' ],
15 silly audit   '@prisma/instrumentation': [ '5.22.0' ],
15 silly audit   '@rollup/plugin-commonjs': [ '28.0.1' ],
15 silly audit   '@rollup/pluginutils': [ '5.2.0' ],
15 silly audit   '@rtsao/scc': [ '1.1.0' ],
15 silly audit   '@rushstack/eslint-patch': [ '1.12.0' ],
15 silly audit   '@sentry-internal/browser-utils': [ '8.55.0' ],
15 silly audit   '@sentry-internal/feedback': [ '8.55.0' ],
15 silly audit   '@sentry-internal/replay': [ '8.55.0' ],
15 silly audit   '@sentry-internal/replay-canvas': [ '8.55.0' ],
15 silly audit   '@sentry/babel-plugin-component-annotate': [ '2.22.7' ],
15 silly audit   '@sentry/browser': [ '8.55.0' ],
15 silly audit   '@sentry/bundler-plugin-core': [ '2.22.7' ],
15 silly audit   'magic-string': [ '0.30.8', '0.30.17' ],
15 silly audit   '@sentry/cli': [ '2.39.1' ],
15 silly audit   '@sentry/cli-darwin': [ '2.39.1' ],
15 silly audit   '@sentry/cli-linux-arm': [ '2.39.1' ],
15 silly audit   '@sentry/cli-linux-arm64': [ '2.39.1' ],
15 silly audit   '@sentry/cli-linux-i686': [ '2.39.1' ],
15 silly audit   '@sentry/cli-linux-x64': [ '2.39.1' ],
15 silly audit   '@sentry/cli-win32-i686': [ '2.39.1' ],
15 silly audit   '@sentry/cli-win32-x64': [ '2.39.1' ],
15 silly audit   '@sentry/core': [ '8.55.0' ],
15 silly audit   '@sentry/nextjs': [ '8.55.0' ],
15 silly audit   '@sentry/node': [ '8.55.0' ],
15 silly audit   '@sentry/opentelemetry': [ '8.55.0' ],
15 silly audit   '@sentry/react': [ '8.55.0' ],
15 silly audit   '@sentry/vercel-edge': [ '8.55.0' ],
15 silly audit   '@sentry/webpack-plugin': [ '2.22.7' ],
15 silly audit   '@swc/counter': [ '0.1.3' ],
15 silly audit   '@swc/helpers': [ '0.5.5' ],
15 silly audit   '@tailwindcss/typography': [ '0.5.16' ],
15 silly audit   '@tsparticles/basic': [ '3.9.0' ],
15 silly audit   '@tsparticles/engine': [ '3.9.0' ],
15 silly audit   '@tsparticles/interaction-external-attract': [ '3.9.0' ],
15 silly audit   '@tsparticles/interaction-external-bounce': [ '3.9.0' ],
15 silly audit   '@tsparticles/interaction-external-bubble': [ '3.9.0' ],
15 silly audit   '@tsparticles/interaction-external-connect': [ '3.9.0' ],
15 silly audit   '@tsparticles/interaction-external-grab': [ '3.9.0' ],
15 silly audit   '@tsparticles/interaction-external-pause': [ '3.9.0' ],
15 silly audit   '@tsparticles/interaction-external-push': [ '3.9.0' ],
15 silly audit   '@tsparticles/interaction-external-remove': [ '3.9.0' ],
15 silly audit   '@tsparticles/interaction-external-repulse': [ '3.9.0' ],
15 silly audit   '@tsparticles/interaction-external-slow': [ '3.9.0' ],
15 silly audit   '@tsparticles/interaction-particles-attract': [ '3.9.0' ],
15 silly audit   '@tsparticles/interaction-particles-collisions': [ '3.9.0' ],
15 silly audit   '@tsparticles/interaction-particles-links': [ '3.9.0' ],
15 silly audit   '@tsparticles/move-base': [ '3.9.0' ],
15 silly audit   '@tsparticles/move-parallax': [ '3.9.0' ],
15 silly audit   '@tsparticles/plugin-easing-quad': [ '3.9.0' ],
15 silly audit   '@tsparticles/plugin-hex-color': [ '3.9.0' ],
15 silly audit   '@tsparticles/plugin-hsl-color': [ '3.9.0' ],
15 silly audit   '@tsparticles/plugin-rgb-color': [ '3.9.0' ],
15 silly audit   '@tsparticles/react': [ '3.0.0' ],
15 silly audit   '@tsparticles/shape-circle': [ '3.9.0' ],
15 silly audit   '@tsparticles/shape-emoji': [ '3.9.0' ],
15 silly audit   '@tsparticles/shape-image': [ '3.9.0' ],
15 silly audit   '@tsparticles/shape-line': [ '3.9.0' ],
15 silly audit   '@tsparticles/shape-polygon': [ '3.9.0' ],
15 silly audit   '@tsparticles/shape-square': [ '3.9.0' ],
15 silly audit   '@tsparticles/shape-star': [ '3.9.0' ],
15 silly audit   '@tsparticles/slim': [ '3.9.0' ],
15 silly audit   '@tsparticles/updater-color': [ '3.9.0' ],
15 silly audit   '@tsparticles/updater-life': [ '3.9.0' ],
15 silly audit   '@tsparticles/updater-opacity': [ '3.9.0' ],
15 silly audit   '@tsparticles/updater-out-modes': [ '3.9.0' ],
15 silly audit   '@tsparticles/updater-rotate': [ '3.9.0' ],
15 silly audit   '@tsparticles/updater-size': [ '3.9.0' ],
15 silly audit   '@tsparticles/updater-stroke-color': [ '3.9.0' ],
15 silly audit   '@tybys/wasm-util': [ '0.10.0' ],
15 silly audit   '@types/animejs': [ '3.1.13' ],
15 silly audit   '@types/connect': [ '3.4.36' ],
15 silly audit   '@types/eslint': [ '9.6.1' ],
15 silly audit   '@types/eslint-scope': [ '3.7.7' ],
15 silly audit   '@types/estree': [ '1.0.8' ],
15 silly audit   '@types/json-schema': [ '7.0.15' ],
15 silly audit   '@types/json5': [ '0.0.29' ],
15 silly audit   '@types/lodash': [ '4.17.20' ],
15 silly audit   '@types/mysql': [ '2.15.26' ],
15 silly audit   '@types/node': [ '20.19.9' ],
15 silly audit   '@types/pg': [ '8.6.1' ],
15 silly audit   '@types/pg-pool': [ '2.0.6' ],
15 silly audit   '@types/prop-types': [ '15.7.15' ],
15 silly audit   '@types/react': [ '18.3.23' ],
15 silly audit   '@types/shimmer': [ '1.2.0' ],
15 silly audit   '@types/tedious': [ '4.0.14' ],
15 silly audit   '@typescript-eslint/eslint-plugin': [ '8.38.0' ],
15 silly audit   ignore: [ '7.0.5', '5.3.2' ],
15 silly audit   '@typescript-eslint/parser': [ '8.38.0' ],
15 silly audit   '@typescript-eslint/project-service': [ '8.38.0' ],
15 silly audit   '@typescript-eslint/scope-manager': [ '8.38.0' ],
15 silly audit   '@typescript-eslint/tsconfig-utils': [ '8.38.0' ],
15 silly audit   '@typescript-eslint/type-utils': [ '8.38.0' ],
15 silly audit   '@typescript-eslint/types': [ '8.38.0' ],
15 silly audit   '@typescript-eslint/typescript-estree': [ '8.38.0' ],
15 silly audit   '@typescript-eslint/utils': [ '8.38.0' ],
15 silly audit   '@typescript-eslint/visitor-keys': [ '8.38.0' ],
15 silly audit   'eslint-visitor-keys': [ '4.2.1', '3.4.3' ],
15 silly audit   '@ungap/structured-clone': [ '1.3.0' ],
15 silly audit   '@unrs/resolver-binding-android-arm-eabi': [ '1.11.1' ],
15 silly audit   '@unrs/resolver-binding-android-arm64': [ '1.11.1' ],
15 silly audit   '@unrs/resolver-binding-darwin-arm64': [ '1.11.1' ],
15 silly audit   '@unrs/resolver-binding-darwin-x64': [ '1.11.1' ],
15 silly audit   '@unrs/resolver-binding-freebsd-x64': [ '1.11.1' ],
15 silly audit   '@unrs/resolver-binding-linux-arm-gnueabihf': [ '1.11.1' ],
15 silly audit   '@unrs/resolver-binding-linux-arm-musleabihf': [ '1.11.1' ],
15 silly audit   '@unrs/resolver-binding-linux-arm64-gnu': [ '1.11.1' ],
15 silly audit   '@unrs/resolver-binding-linux-arm64-musl': [ '1.11.1' ],
15 silly audit   '@unrs/resolver-binding-linux-ppc64-gnu': [ '1.11.1' ],
15 silly audit   '@unrs/resolver-binding-linux-riscv64-gnu': [ '1.11.1' ],
15 silly audit   '@unrs/resolver-binding-linux-riscv64-musl': [ '1.11.1' ],
15 silly audit   '@unrs/resolver-binding-linux-s390x-gnu': [ '1.11.1' ],
15 silly audit   '@unrs/resolver-binding-linux-x64-gnu': [ '1.11.1' ],
15 silly audit   '@unrs/resolver-binding-linux-x64-musl': [ '1.11.1' ],
15 silly audit   '@unrs/resolver-binding-wasm32-wasi': [ '1.11.1' ],
15 silly audit   '@unrs/resolver-binding-win32-arm64-msvc': [ '1.11.1' ],
15 silly audit   '@unrs/resolver-binding-win32-ia32-msvc': [ '1.11.1' ],
15 silly audit   '@unrs/resolver-binding-win32-x64-msvc': [ '1.11.1' ],
15 silly audit   '@webassemblyjs/ast': [ '1.14.1' ],
15 silly audit   '@webassemblyjs/floating-point-hex-parser': [ '1.13.2' ],
15 silly audit   '@webassemblyjs/helper-api-error': [ '1.13.2' ],
15 silly audit   '@webassemblyjs/helper-buffer': [ '1.14.1' ],
15 silly audit   '@webassemblyjs/helper-numbers': [ '1.13.2' ],
15 silly audit   '@webassemblyjs/helper-wasm-bytecode': [ '1.13.2' ],
15 silly audit   '@webassemblyjs/helper-wasm-section': [ '1.14.1' ],
15 silly audit   '@webassemblyjs/ieee754': [ '1.13.2' ],
15 silly audit   '@webassemblyjs/leb128': [ '1.13.2' ],
15 silly audit   '@webassemblyjs/utf8': [ '1.13.2' ],
15 silly audit   '@webassemblyjs/wasm-edit': [ '1.14.1' ],
15 silly audit   '@webassemblyjs/wasm-gen': [ '1.14.1' ],
15 silly audit   '@webassemblyjs/wasm-opt': [ '1.14.1' ],
15 silly audit   '@webassemblyjs/wasm-parser': [ '1.14.1' ],
15 silly audit   '@webassemblyjs/wast-printer': [ '1.14.1' ],
15 silly audit   '@xtuc/ieee754': [ '1.2.0' ],
15 silly audit   '@xtuc/long': [ '4.2.2' ],
15 silly audit   acorn: [ '8.15.0' ],
15 silly audit   'acorn-import-attributes': [ '1.9.5' ],
15 silly audit   'acorn-import-phases': [ '1.0.4' ],
15 silly audit   'acorn-jsx': [ '5.3.2' ],
15 silly audit   'agent-base': [ '6.0.2' ],
15 silly audit   ajv: [ '6.12.6', '8.17.1' ],
15 silly audit   'ajv-formats': [ '2.1.1' ],
15 silly audit   'json-schema-traverse': [ '1.0.0', '0.4.1' ],
15 silly audit   animejs: [ '3.2.2' ],
15 silly audit   'ansi-styles': [ '4.3.0', '6.2.1' ],
15 silly audit   'any-promise': [ '1.3.0' ],
15 silly audit   anymatch: [ '3.1.3' ],
15 silly audit   picomatch: [ '2.3.1', '4.0.3' ],
15 silly audit   arg: [ '5.0.2' ],
15 silly audit   argparse: [ '2.0.1' ],
15 silly audit   'aria-query': [ '5.3.2' ],
15 silly audit   'array-buffer-byte-length': [ '1.0.2' ],
15 silly audit   'array-includes': [ '3.1.9' ],
15 silly audit   'array-union': [ '2.1.0' ],
15 silly audit   'array.prototype.findlast': [ '1.2.5' ],
15 silly audit   'array.prototype.findlastindex': [ '1.2.6' ],
15 silly audit   'array.prototype.flat': [ '1.3.3' ],
15 silly audit   'array.prototype.flatmap': [ '1.3.3' ],
15 silly audit   'array.prototype.tosorted': [ '1.1.4' ],
15 silly audit   'arraybuffer.prototype.slice': [ '1.0.4' ],
15 silly audit   'ast-types-flow': [ '0.0.8' ],
15 silly audit   async: [ '3.2.6' ],
15 silly audit   'async-function': [ '1.0.0' ],
15 silly audit   autoprefixer: [ '10.4.21' ],
15 silly audit   'available-typed-arrays': [ '1.0.7' ],
15 silly audit   'axe-core': [ '4.10.3' ],
15 silly audit   'axobject-query': [ '4.1.0' ],
15 silly audit   'balanced-match': [ '1.0.2' ],
15 silly audit   'binary-extensions': [ '2.3.0' ],
15 silly audit   braces: [ '3.0.3' ],
15 silly audit   browserslist: [ '4.25.1' ],
15 silly audit   'buffer-from': [ '1.1.2' ],
15 silly audit   busboy: [ '1.6.0' ],
15 silly audit   'call-bind': [ '1.0.8' ],
15 silly audit   'call-bind-apply-helpers': [ '1.0.2' ],
15 silly audit   'call-bound': [ '1.0.4' ],
15 silly audit   callsites: [ '3.1.0' ],
15 silly audit   'camelcase-css': [ '2.0.1' ],
15 silly audit   'caniuse-lite': [ '1.0.30001731' ],
15 silly audit   chalk: [ '3.0.0', '4.1.2' ],
15 silly audit   chokidar: [ '4.0.3', '3.6.0' ],
15 silly audit   'chrome-trace-event': [ '1.0.4' ],
15 silly audit   'cjs-module-lexer': [ '1.4.3' ],
15 silly audit   'client-only': [ '0.0.1' ],
15 silly audit   clsx: [ '2.1.1' ],
15 silly audit   'color-convert': [ '2.0.1' ],
15 silly audit   'color-name': [ '1.1.4' ],
15 silly audit   commander: [ '13.1.0', '4.1.1', '2.20.3' ],
15 silly audit   commondir: [ '1.0.1' ],
15 silly audit   'concat-map': [ '0.0.1' ],
15 silly audit   'convert-source-map': [ '2.0.0' ],
15 silly audit   'cross-spawn': [ '7.0.6' ],
15 silly audit   cssesc: [ '3.0.0' ],
15 silly audit   csstype: [ '3.1.3' ],
15 silly audit   'damerau-levenshtein': [ '1.0.8' ],
15 silly audit   'data-view-buffer': [ '1.0.2' ],
15 silly audit   'data-view-byte-length': [ '1.0.2' ],
15 silly audit   'data-view-byte-offset': [ '1.0.1' ],
15 silly audit   debug: [ '4.4.1', '3.2.7' ],
15 silly audit   'deep-is': [ '0.1.4' ],
15 silly audit   'define-data-property': [ '1.1.4' ],
15 silly audit   'define-properties': [ '1.2.1' ],
15 silly audit   'detect-libc': [ '1.0.3' ],
15 silly audit   didyoumean: [ '1.2.2' ],
15 silly audit   'dir-glob': [ '3.0.1' ],
15 silly audit   dlv: [ '1.1.3' ],
15 silly audit   doctrine: [ '3.0.0', '2.1.0' ],
15 silly audit   dotenv: [ '16.6.1' ],
15 silly audit   'dunder-proto': [ '1.0.1' ],
15 silly audit   eastasianwidth: [ '0.2.0' ],
15 silly audit   'electron-to-chromium': [ '1.5.194' ],
15 silly audit   'email-addresses': [ '5.0.0' ],
15 silly audit   'emoji-regex': [ '9.2.2', '8.0.0' ],
15 silly audit   'enhanced-resolve': [ '5.18.2' ],
15 silly audit   'es-abstract': [ '1.24.0' ],
15 silly audit   'es-define-property': [ '1.0.1' ],
15 silly audit   'es-errors': [ '1.3.0' ],
15 silly audit   'es-iterator-helpers': [ '1.2.1' ],
15 silly audit   'es-module-lexer': [ '1.7.0' ],
15 silly audit   'es-object-atoms': [ '1.1.1' ],
15 silly audit   'es-set-tostringtag': [ '2.1.0' ],
15 silly audit   'es-shim-unscopables': [ '1.1.0' ],
15 silly audit   'es-to-primitive': [ '1.3.0' ],
15 silly audit   escalade: [ '3.2.0' ],
15 silly audit   'escape-string-regexp': [ '4.0.0', '1.0.5' ],
15 silly audit   eslint: [ '8.57.1' ],
15 silly audit   'eslint-config-next': [ '14.2.31' ],
15 silly audit   'eslint-config-prettier': [ '9.1.2' ],
15 silly audit   'eslint-import-resolver-node': [ '0.3.9' ],
15 silly audit   'eslint-import-resolver-typescript': [ '3.10.1' ],
15 silly audit   'eslint-module-utils': [ '2.12.1' ],
15 silly audit   'eslint-plugin-import': [ '2.32.0' ],
15 silly audit   'eslint-plugin-jsx-a11y': [ '6.10.2' ],
15 silly audit   'eslint-plugin-react': [ '7.37.5' ],
15 silly audit   'eslint-plugin-react-hooks': [ '5.0.0-canary-7118f5dd7-20230705' ],
15 silly audit   resolve: [ '2.0.0-next.5', '1.22.8' ],
15 silly audit   'eslint-scope': [ '7.2.2', '5.1.1' ],
15 silly audit   espree: [ '9.6.1' ],
15 silly audit   esquery: [ '1.6.0' ],
15 silly audit   esrecurse: [ '4.3.0' ],
15 silly audit   estraverse: [ '5.3.0', '4.3.0' ],
15 silly audit   'estree-walker': [ '2.0.2' ],
15 silly audit   esutils: [ '2.0.3' ],
15 silly audit   events: [ '3.3.0' ],
15 silly audit   'fast-deep-equal': [ '3.1.3' ],
15 silly audit   'fast-glob': [ '3.3.3' ],
15 silly audit   'glob-parent': [ '5.1.2', '6.0.2' ],
15 silly audit   'fast-json-stable-stringify': [ '2.1.0' ],
15 silly audit   'fast-levenshtein': [ '2.0.6' ],
15 silly audit   'fast-uri': [ '3.0.6' ],
15 silly audit   fastq: [ '1.19.1' ],
15 silly audit   fdir: [ '6.4.6' ],
15 silly audit   'file-entry-cache': [ '6.0.1' ],
15 silly audit   'filename-reserved-regex': [ '2.0.0' ],
15 silly audit   filenamify: [ '4.3.0' ],
15 silly audit   'fill-range': [ '7.1.1' ],
15 silly audit   'find-cache-dir': [ '3.3.2' ],
15 silly audit   'find-up': [ '5.0.0', '4.1.0' ],
15 silly audit   'flat-cache': [ '3.2.0' ],
15 silly audit   rimraf: [ '3.0.2', '5.0.10' ],
15 silly audit   flatted: [ '3.3.3' ],
15 silly audit   'for-each': [ '0.3.5' ],
15 silly audit   'foreground-child': [ '3.3.1' ],
15 silly audit   'forwarded-parse': [ '2.1.2' ],
15 silly audit   'fraction.js': [ '4.3.7' ],
15 silly audit   'framer-motion': [ '11.18.2' ],
15 silly audit   'fs-extra': [ '11.3.0' ],
15 silly audit   'fs.realpath': [ '1.0.0' ],
15 silly audit   fsevents: [ '2.3.3' ],
15 silly audit   'function-bind': [ '1.1.2' ],
15 silly audit   'function.prototype.name': [ '1.1.8' ],
15 silly audit   'functions-have-names': [ '1.2.3' ],
15 silly audit   gensync: [ '1.0.0-beta.2' ],
15 silly audit   'get-intrinsic': [ '1.3.0' ],
15 silly audit   'get-proto': [ '1.0.1' ],
15 silly audit   'get-symbol-description': [ '1.1.0' ],
15 silly audit   'get-tsconfig': [ '4.10.1' ],
15 silly audit   'gh-pages': [ '6.3.0' ],
15 silly audit   'glob-to-regexp': [ '0.4.1' ],
15 silly audit   globals: [ '13.24.0' ],
15 silly audit   globalthis: [ '1.0.4' ],
15 silly audit   globby: [ '11.1.0' ],
15 silly audit   gopd: [ '1.2.0' ],
15 silly audit   'graceful-fs': [ '4.2.11' ],
15 silly audit   graphemer: [ '1.4.0' ],
15 silly audit   'has-bigints': [ '1.1.0' ],
15 silly audit   'has-flag': [ '4.0.0' ],
15 silly audit   'has-property-descriptors': [ '1.0.2' ],
15 silly audit   'has-proto': [ '1.2.0' ],
15 silly audit   'has-symbols': [ '1.1.0' ],
15 silly audit   'has-tostringtag': [ '1.0.2' ],
15 silly audit   hasown: [ '2.0.2' ],
15 silly audit   'hoist-non-react-statics': [ '3.3.2' ],
15 silly audit   'https-proxy-agent': [ '5.0.1' ],
15 silly audit   immutable: [ '5.1.3' ],
15 silly audit   'import-fresh': [ '3.3.1' ],
15 silly audit   'import-in-the-middle': [ '1.14.2' ],
15 silly audit   imurmurhash: [ '0.1.4' ],
15 silly audit   inflight: [ '1.0.6' ],
15 silly audit   inherits: [ '2.0.4' ],
15 silly audit   'internal-slot': [ '1.1.0' ],
15 silly audit   'is-array-buffer': [ '3.0.5' ],
15 silly audit   'is-async-function': [ '2.1.1' ],
15 silly audit   'is-bigint': [ '1.1.0' ],
15 silly audit   'is-binary-path': [ '2.1.0' ],
15 silly audit   'is-boolean-object': [ '1.2.2' ],
15 silly audit   'is-bun-module': [ '2.0.0' ],
15 silly audit   'is-callable': [ '1.2.7' ],
15 silly audit   'is-core-module': [ '2.16.1' ],
15 silly audit   'is-data-view': [ '1.0.2' ],
15 silly audit   'is-date-object': [ '1.1.0' ],
15 silly audit   'is-extglob': [ '2.1.1' ],
15 silly audit   'is-finalizationregistry': [ '1.1.1' ],
15 silly audit   'is-fullwidth-code-point': [ '3.0.0' ],
15 silly audit   'is-generator-function': [ '1.1.0' ],
15 silly audit   'is-glob': [ '4.0.3' ],
15 silly audit   'is-map': [ '2.0.3' ],
15 silly audit   'is-negative-zero': [ '2.0.3' ],
15 silly audit   'is-number': [ '7.0.0' ],
15 silly audit   'is-number-object': [ '1.1.1' ],
15 silly audit   'is-path-inside': [ '3.0.3' ],
15 silly audit   'is-reference': [ '1.2.1' ],
15 silly audit   'is-regex': [ '1.2.1' ],
15 silly audit   'is-set': [ '2.0.3' ],
15 silly audit   'is-shared-array-buffer': [ '1.0.4' ],
15 silly audit   'is-string': [ '1.1.1' ],
15 silly audit   'is-symbol': [ '1.1.1' ],
15 silly audit   'is-typed-array': [ '1.1.15' ],
15 silly audit   'is-weakmap': [ '2.0.2' ],
15 silly audit   'is-weakref': [ '1.1.1' ],
15 silly audit   'is-weakset': [ '2.0.4' ],
15 silly audit   isarray: [ '2.0.5' ],
15 silly audit   isexe: [ '2.0.0' ],
15 silly audit   'iterator.prototype': [ '1.1.5' ],
15 silly audit   jackspeak: [ '2.3.6', '3.4.3' ],
15 silly audit   'jest-worker': [ '27.5.1' ],
15 silly audit   'supports-color': [ '8.1.1', '7.2.0' ],
15 silly audit   jiti: [ '1.21.7' ],
15 silly audit   'js-tokens': [ '4.0.0' ],
15 silly audit   'js-yaml': [ '4.1.0' ],
15 silly audit   jsesc: [ '3.1.0' ],
15 silly audit   'json-buffer': [ '3.0.1' ],
15 silly audit   'json-parse-even-better-errors': [ '2.3.1' ],
15 silly audit   'json-stable-stringify-without-jsonify': [ '1.0.1' ],
15 silly audit   json5: [ '2.2.3', '1.0.2' ],
15 silly audit   jsonfile: [ '6.1.0' ],
15 silly audit   'jsx-ast-utils': [ '3.3.5' ],
15 silly audit   keyv: [ '4.5.4' ],
15 silly audit   'language-subtag-registry': [ '0.3.23' ],
15 silly audit   'language-tags': [ '1.0.9' ],
15 silly audit   levn: [ '0.4.1' ],
15 silly audit   lilconfig: [ '3.1.3' ],
15 silly audit   'lines-and-columns': [ '1.2.4' ],
15 silly audit   'loader-runner': [ '4.3.0' ],
15 silly audit   'locate-path': [ '6.0.0', '5.0.0' ],
15 silly audit   lodash: [ '4.17.21' ],
15 silly audit   'lodash.castarray': [ '4.4.0' ],
15 silly audit   'lodash.isplainobject': [ '4.0.6' ],
15 silly audit   'lodash.merge': [ '4.6.2' ],
15 silly audit   'loose-envify': [ '1.4.0' ],
15 silly audit   'lru-cache': [ '5.1.1', '10.4.3' ],
15 silly audit   'make-dir': [ '3.1.0' ],
15 silly audit   'math-intrinsics': [ '1.1.0' ],
15 silly audit   'merge-stream': [ '2.0.0' ],
15 silly audit   merge2: [ '1.4.1' ],
15 silly audit   micromatch: [ '4.0.8' ],
15 silly audit   'mime-db': [ '1.52.0' ],
15 silly audit   'mime-types': [ '2.1.35' ],
15 silly audit   'mini-svg-data-uri': [ '1.4.4' ],
15 silly audit   minimist: [ '1.2.8' ],
15 silly audit   'module-details-from-path': [ '1.0.4' ],
15 silly audit   'motion-dom': [ '11.18.1' ],
15 silly audit   'motion-utils': [ '11.18.1' ],
15 silly audit   ms: [ '2.1.3' ],
15 silly audit   mz: [ '2.7.0' ],
15 silly audit   nanoid: [ '3.3.11' ],
15 silly audit   'napi-postinstall': [ '0.3.2' ],
15 silly audit   'natural-compare': [ '1.4.0' ],
15 silly audit   'neo-async': [ '2.6.2' ],
15 silly audit   next: [ '14.2.32' ],
15 silly audit   postcss: [ '8.4.31', '8.5.6' ],
15 silly audit   'node-addon-api': [ '7.1.1' ],
15 silly audit   'node-fetch': [ '2.7.0' ],
15 silly audit   'node-releases': [ '2.0.19' ],
15 silly audit   'normalize-path': [ '3.0.0' ],
15 silly audit   'normalize-range': [ '0.1.2' ],
15 silly audit   'object-assign': [ '4.1.1' ],
15 silly audit   'object-hash': [ '3.0.0' ],
15 silly audit   'object-inspect': [ '1.13.4' ],
15 silly audit   'object-keys': [ '1.1.1' ],
15 silly audit   'object.assign': [ '4.1.7' ],
15 silly audit   'object.entries': [ '1.1.9' ],
15 silly audit   'object.fromentries': [ '2.0.8' ],
15 silly audit   'object.groupby': [ '1.0.3' ],
15 silly audit   'object.values': [ '1.2.1' ],
15 silly audit   once: [ '1.4.0' ],
15 silly audit   optionator: [ '0.9.4' ],
15 silly audit   'own-keys': [ '1.0.1' ],
15 silly audit   'p-limit': [ '3.1.0', '2.3.0' ],
15 silly audit   'p-locate': [ '5.0.0', '4.1.0' ],
15 silly audit   'p-try': [ '2.2.0' ],
15 silly audit   'package-json-from-dist': [ '1.0.1' ],
15 silly audit   'parent-module': [ '1.0.1' ],
15 silly audit   'path-exists': [ '4.0.0' ],
15 silly audit   'path-is-absolute': [ '1.0.1' ],
15 silly audit   'path-key': [ '3.1.1' ],
15 silly audit   'path-parse': [ '1.0.7' ],
15 silly audit   'path-scurry': [ '1.11.1' ],
15 silly audit   'path-type': [ '4.0.0' ],
15 silly audit   'pg-int8': [ '1.0.1' ],
15 silly audit   'pg-protocol': [ '1.10.3' ],
15 silly audit   'pg-types': [ '2.2.0' ],
15 silly audit   picocolors: [ '1.1.1' ],
15 silly audit   pify: [ '2.3.0' ],
15 silly audit   pirates: [ '4.0.7' ],
15 silly audit   'pkg-dir': [ '4.2.0' ],
15 silly audit   'possible-typed-array-names': [ '1.1.0' ],
15 silly audit   'postcss-import': [ '15.1.0' ],
15 silly audit   'postcss-js': [ '4.0.1' ],
15 silly audit   'postcss-nested': [ '6.2.0' ],
15 silly audit   'postcss-selector-parser': [ '6.1.2', '6.0.10' ],
15 silly audit   'postcss-nesting': [ '12.1.5' ],
15 silly audit   '@csstools/selector-resolve-nested': [ '1.1.0' ],
15 silly audit   '@csstools/selector-specificity': [ '3.1.1' ],
15 silly audit   'postcss-value-parser': [ '4.2.0' ],
15 silly audit   'postgres-array': [ '2.0.0' ],
15 silly audit   'postgres-bytea': [ '1.0.0' ],
15 silly audit   'postgres-date': [ '1.0.7' ],
15 silly audit   'postgres-interval': [ '1.2.0' ],
15 silly audit   'prelude-ls': [ '1.2.1' ],
15 silly audit   prettier: [ '3.6.2' ],
15 silly audit   progress: [ '2.0.3' ],
15 silly audit   'prop-types': [ '15.8.1' ],
15 silly audit   'proxy-from-env': [ '1.1.0' ],
15 silly audit   punycode: [ '2.3.1' ],
15 silly audit   'queue-microtask': [ '1.2.3' ],
15 silly audit   randombytes: [ '2.1.0' ],
15 silly audit   react: [ '18.3.1' ],
15 silly audit   'react-dom': [ '18.3.1' ],
15 silly audit   'react-is': [ '16.13.1' ],
15 silly audit   'react-wrap-balancer': [ '1.1.1' ],
15 silly audit   'read-cache': [ '1.0.0' ],
15 silly audit   readdirp: [ '4.1.2', '3.6.0' ],
15 silly audit   'reflect.getprototypeof': [ '1.0.10' ],
15 silly audit   'regexp.prototype.flags': [ '1.5.4' ],
15 silly audit   'require-from-string': [ '2.0.2' ],
15 silly audit   'require-in-the-middle': [ '7.5.2' ],
15 silly audit   'resolve-from': [ '4.0.0' ],
15 silly audit   'resolve-pkg-maps': [ '1.0.0' ],
15 silly audit   reusify: [ '1.1.0' ],
15 silly audit   rollup: [ '3.29.5' ],
15 silly audit   'run-parallel': [ '1.2.0' ],
15 silly audit   'safe-array-concat': [ '1.1.3' ],
15 silly audit   'safe-buffer': [ '5.2.1' ],
15 silly audit   'safe-push-apply': [ '1.0.0' ],
15 silly audit   'safe-regex-test': [ '1.1.0' ],
15 silly audit   sass: [ '1.89.2' ],
15 silly audit   scheduler: [ '0.23.2' ],
15 silly audit   'schema-utils': [ '4.3.2' ],
15 silly audit   'ajv-keywords': [ '5.1.0' ],
15 silly audit   'serialize-javascript': [ '6.0.2' ],
15 silly audit   'set-function-length': [ '1.2.2' ],
15 silly audit   'set-function-name': [ '2.0.2' ],
15 silly audit   'set-proto': [ '1.0.0' ],
15 silly audit   'shebang-command': [ '2.0.0' ],
15 silly audit   'shebang-regex': [ '3.0.0' ],
15 silly audit   shimmer: [ '1.2.1' ],
15 silly audit   'side-channel': [ '1.1.0' ],
15 silly audit   'side-channel-list': [ '1.0.0' ],
15 silly audit   'side-channel-map': [ '1.0.1' ],
15 silly audit   'side-channel-weakmap': [ '1.0.2' ],
15 silly audit   'signal-exit': [ '4.1.0' ],
15 silly audit   slash: [ '3.0.0' ],
15 silly audit   'source-map': [ '0.6.1' ],
15 silly audit   'source-map-js': [ '1.2.1' ],
15 silly audit   'source-map-support': [ '0.5.21' ],
15 silly audit   'stable-hash': [ '0.0.5' ],
15 silly audit   'stacktrace-parser': [ '0.1.11' ],
15 silly audit   'type-fest': [ '0.7.1', '0.20.2' ],
15 silly audit   'stop-iteration-iterator': [ '1.1.0' ],
15 silly audit   streamsearch: [ '1.1.0' ],
15 silly audit   'string-width': [ '5.1.2', '4.2.3' ],
15 silly audit   'string.prototype.includes': [ '2.0.1' ],
15 silly audit   'string.prototype.matchall': [ '4.0.12' ],
15 silly audit   'string.prototype.repeat': [ '1.0.0' ],
15 silly audit   'string.prototype.trim': [ '1.2.10' ],
15 silly audit   'string.prototype.trimend': [ '1.0.9' ],
15 silly audit   'string.prototype.trimstart': [ '1.0.8' ],
15 silly audit   'strip-bom': [ '3.0.0' ],
15 silly audit   'strip-json-comments': [ '3.1.1' ],
15 silly audit   'strip-outer': [ '1.0.1' ],
15 silly audit   'styled-jsx': [ '5.1.1' ],
15 silly audit   sucrase: [ '3.35.0' ],
15 silly audit   'supports-preserve-symlinks-flag': [ '1.0.0' ],
15 silly audit   'tailwind-merge': [ '2.6.0' ],
15 silly audit   tailwindcss: [ '3.4.17' ],
15 silly audit   'tailwindcss-debug-screens': [ '2.2.1' ],
15 silly audit   'postcss-load-config': [ '4.0.2' ],
15 silly audit   tapable: [ '2.2.2' ],
15 silly audit   terser: [ '5.43.1' ],
15 silly audit   'terser-webpack-plugin': [ '5.3.14' ],
15 silly audit   'text-table': [ '0.2.0' ],
15 silly audit   thenify: [ '3.3.1' ],
15 silly audit   'thenify-all': [ '1.6.0' ],
15 silly audit   tinyglobby: [ '0.2.14' ],
15 silly audit   'to-regex-range': [ '5.0.1' ],
15 silly audit   tr46: [ '0.0.3' ],
15 silly audit   'trim-repeated': [ '1.0.0' ],
15 silly audit   'ts-api-utils': [ '2.1.0' ],
15 silly audit   'ts-interface-checker': [ '0.1.13' ],
15 silly audit   'tsconfig-paths': [ '3.15.0' ],
15 silly audit   tslib: [ '2.8.1' ],
15 silly audit   'type-check': [ '0.4.0' ],
15 silly audit   'typed-array-buffer': [ '1.0.3' ],
15 silly audit   'typed-array-byte-length': [ '1.0.3' ],
15 silly audit   'typed-array-byte-offset': [ '1.0.4' ],
15 silly audit   'typed-array-length': [ '1.0.7' ],
15 silly audit   typescript: [ '5.8.3' ],
15 silly audit   'unbox-primitive': [ '1.1.0' ],
15 silly audit   'undici-types': [ '6.21.0' ],
15 silly audit   universalify: [ '2.0.1' ],
15 silly audit   unplugin: [ '1.0.1' ],
15 silly audit   'unrs-resolver': [ '1.11.1' ],
15 silly audit   'update-browserslist-db': [ '1.1.3' ],
15 silly audit   'uri-js': [ '4.4.1' ],
15 silly audit   'util-deprecate': [ '1.0.2' ],
15 silly audit   uuid: [ '9.0.1' ],
15 silly audit   watchpack: [ '2.4.4' ],
15 silly audit   'webidl-conversions': [ '3.0.1' ],
15 silly audit   webpack: [ '5.101.0' ],
15 silly audit   'webpack-sources': [ '3.3.3' ],
15 silly audit   'webpack-virtual-modules': [ '0.5.0' ],
15 silly audit   'whatwg-url': [ '5.0.0' ],
15 silly audit   which: [ '2.0.2' ],
15 silly audit   'which-boxed-primitive': [ '1.1.1' ],
15 silly audit   'which-builtin-type': [ '1.2.1' ],
15 silly audit   'which-collection': [ '1.0.2' ],
15 silly audit   'which-typed-array': [ '1.1.19' ],
15 silly audit   'word-wrap': [ '1.2.5' ],
15 silly audit   'wrap-ansi': [ '8.1.0', '7.0.0' ],
15 silly audit   wrappy: [ '1.0.2' ],
15 silly audit   xtend: [ '4.0.2' ],
15 silly audit   yallist: [ '3.1.1' ],
15 silly audit   yaml: [ '2.8.0' ],
15 silly audit   'yocto-queue': [ '0.1.0' ]
15 silly audit }
16 http fetch GET 200 https://registry.npmjs.org/npm 525ms
17 http fetch POST 200 https://registry.npmjs.org/-/npm/v1/security/advisories/bulk 608ms
18 silly audit report {}
19 verbose cwd /Users/sabbirba10/Documents/Code/sabbirba
20 verbose os Darwin 25.0.0
21 verbose node v22.16.0
22 verbose npm  v11.6.0
23 verbose exit 0
24 info ok
